<?xml version="1.0" encoding="UTF-8"?>
<testng-results ignored="0" total="1" passed="1" failed="0" skipped="0">
  <reporter-output>
  </reporter-output>
  <suite started-at="2023-08-04T19:40:45 IST" name="Default suite" finished-at="2023-08-04T19:40:45 IST" duration-ms="66">
    <groups>
    </groups>
    <test started-at="2023-08-04T19:40:45 IST" name="Default test" finished-at="2023-08-04T19:40:45 IST" duration-ms="66">
      <class name="Sample.Demo2">
        <test-method signature="demoTest()[pri:0, instance:Sample.Demo2@5c30a9b0]" started-at="2023-08-04T19:40:45 IST" name="demoTest" finished-at="2023-08-04T19:40:45 IST" duration-ms="10" status="PASS">
          <reporter-output>
          </reporter-output>
        </test-method> <!-- demoTest -->
      </class> <!-- Sample.Demo2 -->
    </test> <!-- Default test -->
  </suite> <!-- Default suite -->
</testng-results>
